<?xml version="1.0" encoding="UTF-8"?>
<testsuite xmlns:xsi="http://www.w3.org/2001/XMLSchema-instance" xsi:noNamespaceSchemaLocation="https://maven.apache.org/surefire/maven-surefire-plugin/xsd/surefire-test-report.xsd" name="com.example.udemy_spring_boot_microservices.photoapp.api.users.PhotoAppApiUsers.PhotoAppApiUsersApplicationTests" time="6.613" tests="1" errors="0" skipped="0" failures="0">
  <properties>
    <property name="gopherProxySet" value="false"/>
    <property name="awt.toolkit" value="sun.lwawt.macosx.LWCToolkit"/>
    <property name="java.specification.version" value="11"/>
    <property name="sun.cpu.isalist" value=""/>
    <property name="sun.jnu.encoding" value="UTF-8"/>
    <property name="java.class.path" value="/Users/jisadmj/udemy/PhotoAppApiUsers/target/test-classes:/Users/jisadmj/udemy/PhotoAppApiUsers/target/classes:/Users/jisadmj/.m2/repository/org/springframework/boot/spring-boot-starter-validation/2.5.13/spring-boot-starter-validation-2.5.13.jar:/Users/jisadmj/.m2/repository/org/springframework/boot/spring-boot-starter/2.5.13/spring-boot-starter-2.5.13.jar:/Users/jisadmj/.m2/repository/org/springframework/boot/spring-boot-starter-logging/2.5.13/spring-boot-starter-logging-2.5.13.jar:/Users/jisadmj/.m2/repository/ch/qos/logback/logback-classic/1.2.11/logback-classic-1.2.11.jar:/Users/jisadmj/.m2/repository/ch/qos/logback/logback-core/1.2.11/logback-core-1.2.11.jar:/Users/jisadmj/.m2/repository/org/apache/logging/log4j/log4j-to-slf4j/2.17.2/log4j-to-slf4j-2.17.2.jar:/Users/jisadmj/.m2/repository/org/apache/logging/log4j/log4j-api/2.17.2/log4j-api-2.17.2.jar:/Users/jisadmj/.m2/repository/org/slf4j/jul-to-slf4j/1.7.36/jul-to-slf4j-1.7.36.jar:/Users/jisadmj/.m2/repository/jakarta/annotation/jakarta.annotation-api/1.3.5/jakarta.annotation-api-1.3.5.jar:/Users/jisadmj/.m2/repository/org/yaml/snakeyaml/1.28/snakeyaml-1.28.jar:/Users/jisadmj/.m2/repository/org/apache/tomcat/embed/tomcat-embed-el/9.0.62/tomcat-embed-el-9.0.62.jar:/Users/jisadmj/.m2/repository/org/hibernate/validator/hibernate-validator/6.2.3.Final/hibernate-validator-6.2.3.Final.jar:/Users/jisadmj/.m2/repository/jakarta/validation/jakarta.validation-api/2.0.2/jakarta.validation-api-2.0.2.jar:/Users/jisadmj/.m2/repository/org/jboss/logging/jboss-logging/3.4.3.Final/jboss-logging-3.4.3.Final.jar:/Users/jisadmj/.m2/repository/com/fasterxml/classmate/1.5.1/classmate-1.5.1.jar:/Users/jisadmj/.m2/repository/org/springframework/boot/spring-boot-starter-web/2.5.13/spring-boot-starter-web-2.5.13.jar:/Users/jisadmj/.m2/repository/org/springframework/boot/spring-boot-starter-json/2.5.13/spring-boot-starter-json-2.5.13.jar:/Users/jisadmj/.m2/repository/com/fasterxml/jackson/datatype/jackson-datatype-jdk8/2.12.6/jackson-datatype-jdk8-2.12.6.jar:/Users/jisadmj/.m2/repository/com/fasterxml/jackson/datatype/jackson-datatype-jsr310/2.12.6/jackson-datatype-jsr310-2.12.6.jar:/Users/jisadmj/.m2/repository/com/fasterxml/jackson/module/jackson-module-parameter-names/2.12.6/jackson-module-parameter-names-2.12.6.jar:/Users/jisadmj/.m2/repository/org/springframework/boot/spring-boot-starter-tomcat/2.5.13/spring-boot-starter-tomcat-2.5.13.jar:/Users/jisadmj/.m2/repository/org/apache/tomcat/embed/tomcat-embed-core/9.0.62/tomcat-embed-core-9.0.62.jar:/Users/jisadmj/.m2/repository/org/apache/tomcat/embed/tomcat-embed-websocket/9.0.62/tomcat-embed-websocket-9.0.62.jar:/Users/jisadmj/.m2/repository/org/springframework/spring-web/5.3.19/spring-web-5.3.19.jar:/Users/jisadmj/.m2/repository/org/springframework/spring-beans/5.3.19/spring-beans-5.3.19.jar:/Users/jisadmj/.m2/repository/org/springframework/spring-webmvc/5.3.19/spring-webmvc-5.3.19.jar:/Users/jisadmj/.m2/repository/org/springframework/spring-context/5.3.19/spring-context-5.3.19.jar:/Users/jisadmj/.m2/repository/org/springframework/spring-expression/5.3.19/spring-expression-5.3.19.jar:/Users/jisadmj/.m2/repository/org/springframework/cloud/spring-cloud-starter-netflix-eureka-client/3.0.5/spring-cloud-starter-netflix-eureka-client-3.0.5.jar:/Users/jisadmj/.m2/repository/org/springframework/cloud/spring-cloud-starter/3.0.5/spring-cloud-starter-3.0.5.jar:/Users/jisadmj/.m2/repository/org/springframework/cloud/spring-cloud-context/3.0.5/spring-cloud-context-3.0.5.jar:/Users/jisadmj/.m2/repository/org/springframework/security/spring-security-crypto/5.5.6/spring-security-crypto-5.5.6.jar:/Users/jisadmj/.m2/repository/org/springframework/cloud/spring-cloud-commons/3.0.5/spring-cloud-commons-3.0.5.jar:/Users/jisadmj/.m2/repository/org/springframework/security/spring-security-rsa/1.0.10.RELEASE/spring-security-rsa-1.0.10.RELEASE.jar:/Users/jisadmj/.m2/repository/org/bouncycastle/bcpkix-jdk15on/1.68/bcpkix-jdk15on-1.68.jar:/Users/jisadmj/.m2/repository/org/bouncycastle/bcprov-jdk15on/1.68/bcprov-jdk15on-1.68.jar:/Users/jisadmj/.m2/repository/org/springframework/cloud/spring-cloud-netflix-eureka-client/3.0.5/spring-cloud-netflix-eureka-client-3.0.5.jar:/Users/jisadmj/.m2/repository/com/netflix/eureka/eureka-client/1.10.17/eureka-client-1.10.17.jar:/Users/jisadmj/.m2/repository/com/netflix/netflix-commons/netflix-eventbus/0.3.0/netflix-eventbus-0.3.0.jar:/Users/jisadmj/.m2/repository/com/netflix/netflix-commons/netflix-infix/0.3.0/netflix-infix-0.3.0.jar:/Users/jisadmj/.m2/repository/commons-jxpath/commons-jxpath/1.3/commons-jxpath-1.3.jar:/Users/jisadmj/.m2/repository/joda-time/joda-time/2.3/joda-time-2.3.jar:/Users/jisadmj/.m2/repository/org/antlr/antlr-runtime/3.4/antlr-runtime-3.4.jar:/Users/jisadmj/.m2/repository/org/antlr/stringtemplate/3.2.1/stringtemplate-3.2.1.jar:/Users/jisadmj/.m2/repository/com/google/code/gson/gson/2.8.9/gson-2.8.9.jar:/Users/jisadmj/.m2/repository/org/apache/commons/commons-math/2.2/commons-math-2.2.jar:/Users/jisadmj/.m2/repository/com/thoughtworks/xstream/xstream/1.4.18/xstream-1.4.18.jar:/Users/jisadmj/.m2/repository/io/github/x-stream/mxparser/1.2.2/mxparser-1.2.2.jar:/Users/jisadmj/.m2/repository/xmlpull/xmlpull/1.1.3.1/xmlpull-1.1.3.1.jar:/Users/jisadmj/.m2/repository/javax/ws/rs/jsr311-api/1.1.1/jsr311-api-1.1.1.jar:/Users/jisadmj/.m2/repository/com/netflix/servo/servo-core/0.12.21/servo-core-0.12.21.jar:/Users/jisadmj/.m2/repository/com/google/guava/guava/19.0/guava-19.0.jar:/Users/jisadmj/.m2/repository/org/apache/httpcomponents/httpclient/4.5.13/httpclient-4.5.13.jar:/Users/jisadmj/.m2/repository/org/apache/httpcomponents/httpcore/4.4.15/httpcore-4.4.15.jar:/Users/jisadmj/.m2/repository/commons-codec/commons-codec/1.15/commons-codec-1.15.jar:/Users/jisadmj/.m2/repository/commons-configuration/commons-configuration/1.10/commons-configuration-1.10.jar:/Users/jisadmj/.m2/repository/commons-lang/commons-lang/2.6/commons-lang-2.6.jar:/Users/jisadmj/.m2/repository/com/google/inject/guice/4.1.0/guice-4.1.0.jar:/Users/jisadmj/.m2/repository/javax/inject/javax.inject/1/javax.inject-1.jar:/Users/jisadmj/.m2/repository/aopalliance/aopalliance/1.0/aopalliance-1.0.jar:/Users/jisadmj/.m2/repository/org/codehaus/jettison/jettison/1.4.0/jettison-1.4.0.jar:/Users/jisadmj/.m2/repository/com/netflix/eureka/eureka-core/1.10.17/eureka-core-1.10.17.jar:/Users/jisadmj/.m2/repository/org/springframework/cloud/spring-cloud-starter-loadbalancer/3.0.5/spring-cloud-starter-loadbalancer-3.0.5.jar:/Users/jisadmj/.m2/repository/org/springframework/cloud/spring-cloud-loadbalancer/3.0.5/spring-cloud-loadbalancer-3.0.5.jar:/Users/jisadmj/.m2/repository/io/projectreactor/reactor-core/3.4.17/reactor-core-3.4.17.jar:/Users/jisadmj/.m2/repository/org/reactivestreams/reactive-streams/1.0.3/reactive-streams-1.0.3.jar:/Users/jisadmj/.m2/repository/io/projectreactor/addons/reactor-extra/3.4.8/reactor-extra-3.4.8.jar:/Users/jisadmj/.m2/repository/org/springframework/boot/spring-boot-starter-cache/2.5.13/spring-boot-starter-cache-2.5.13.jar:/Users/jisadmj/.m2/repository/org/springframework/spring-context-support/5.3.19/spring-context-support-5.3.19.jar:/Users/jisadmj/.m2/repository/com/stoyanr/evictor/1.0.0/evictor-1.0.0.jar:/Users/jisadmj/.m2/repository/org/springframework/boot/spring-boot-devtools/2.5.13/spring-boot-devtools-2.5.13.jar:/Users/jisadmj/.m2/repository/org/springframework/boot/spring-boot/2.5.13/spring-boot-2.5.13.jar:/Users/jisadmj/.m2/repository/org/springframework/boot/spring-boot-autoconfigure/2.5.13/spring-boot-autoconfigure-2.5.13.jar:/Users/jisadmj/.m2/repository/org/springframework/boot/spring-boot-starter-test/2.5.13/spring-boot-starter-test-2.5.13.jar:/Users/jisadmj/.m2/repository/org/springframework/boot/spring-boot-test/2.5.13/spring-boot-test-2.5.13.jar:/Users/jisadmj/.m2/repository/org/springframework/boot/spring-boot-test-autoconfigure/2.5.13/spring-boot-test-autoconfigure-2.5.13.jar:/Users/jisadmj/.m2/repository/com/jayway/jsonpath/json-path/2.5.0/json-path-2.5.0.jar:/Users/jisadmj/.m2/repository/net/minidev/json-smart/2.4.8/json-smart-2.4.8.jar:/Users/jisadmj/.m2/repository/net/minidev/accessors-smart/2.4.8/accessors-smart-2.4.8.jar:/Users/jisadmj/.m2/repository/org/ow2/asm/asm/9.1/asm-9.1.jar:/Users/jisadmj/.m2/repository/org/slf4j/slf4j-api/1.7.36/slf4j-api-1.7.36.jar:/Users/jisadmj/.m2/repository/jakarta/xml/bind/jakarta.xml.bind-api/2.3.3/jakarta.xml.bind-api-2.3.3.jar:/Users/jisadmj/.m2/repository/jakarta/activation/jakarta.activation-api/1.2.2/jakarta.activation-api-1.2.2.jar:/Users/jisadmj/.m2/repository/org/assertj/assertj-core/3.19.0/assertj-core-3.19.0.jar:/Users/jisadmj/.m2/repository/org/hamcrest/hamcrest/2.2/hamcrest-2.2.jar:/Users/jisadmj/.m2/repository/org/junit/jupiter/junit-jupiter/5.7.2/junit-jupiter-5.7.2.jar:/Users/jisadmj/.m2/repository/org/junit/jupiter/junit-jupiter-api/5.7.2/junit-jupiter-api-5.7.2.jar:/Users/jisadmj/.m2/repository/org/apiguardian/apiguardian-api/1.1.0/apiguardian-api-1.1.0.jar:/Users/jisadmj/.m2/repository/org/opentest4j/opentest4j/1.2.0/opentest4j-1.2.0.jar:/Users/jisadmj/.m2/repository/org/junit/platform/junit-platform-commons/1.7.2/junit-platform-commons-1.7.2.jar:/Users/jisadmj/.m2/repository/org/junit/jupiter/junit-jupiter-params/5.7.2/junit-jupiter-params-5.7.2.jar:/Users/jisadmj/.m2/repository/org/junit/jupiter/junit-jupiter-engine/5.7.2/junit-jupiter-engine-5.7.2.jar:/Users/jisadmj/.m2/repository/org/junit/platform/junit-platform-engine/1.7.2/junit-platform-engine-1.7.2.jar:/Users/jisadmj/.m2/repository/org/mockito/mockito-core/3.9.0/mockito-core-3.9.0.jar:/Users/jisadmj/.m2/repository/net/bytebuddy/byte-buddy/1.10.22/byte-buddy-1.10.22.jar:/Users/jisadmj/.m2/repository/net/bytebuddy/byte-buddy-agent/1.10.22/byte-buddy-agent-1.10.22.jar:/Users/jisadmj/.m2/repository/org/objenesis/objenesis/3.2/objenesis-3.2.jar:/Users/jisadmj/.m2/repository/org/mockito/mockito-junit-jupiter/3.9.0/mockito-junit-jupiter-3.9.0.jar:/Users/jisadmj/.m2/repository/org/skyscreamer/jsonassert/1.5.0/jsonassert-1.5.0.jar:/Users/jisadmj/.m2/repository/com/vaadin/external/google/android-json/0.0.20131108.vaadin1/android-json-0.0.20131108.vaadin1.jar:/Users/jisadmj/.m2/repository/org/springframework/spring-core/5.3.19/spring-core-5.3.19.jar:/Users/jisadmj/.m2/repository/org/springframework/spring-jcl/5.3.19/spring-jcl-5.3.19.jar:/Users/jisadmj/.m2/repository/org/springframework/spring-test/5.3.19/spring-test-5.3.19.jar:/Users/jisadmj/.m2/repository/org/xmlunit/xmlunit-core/2.8.4/xmlunit-core-2.8.4.jar:/Users/jisadmj/.m2/repository/org/projectlombok/lombok/1.18.24/lombok-1.18.24.jar:/Users/jisadmj/.m2/repository/com/h2database/h2/1.4.200/h2-1.4.200.jar:/Users/jisadmj/.m2/repository/org/springframework/boot/spring-boot-starter-data-jpa/2.5.13/spring-boot-starter-data-jpa-2.5.13.jar:/Users/jisadmj/.m2/repository/org/springframework/boot/spring-boot-starter-aop/2.5.13/spring-boot-starter-aop-2.5.13.jar:/Users/jisadmj/.m2/repository/org/aspectj/aspectjweaver/1.9.7/aspectjweaver-1.9.7.jar:/Users/jisadmj/.m2/repository/org/springframework/boot/spring-boot-starter-jdbc/2.5.13/spring-boot-starter-jdbc-2.5.13.jar:/Users/jisadmj/.m2/repository/com/zaxxer/HikariCP/4.0.3/HikariCP-4.0.3.jar:/Users/jisadmj/.m2/repository/org/springframework/spring-jdbc/5.3.19/spring-jdbc-5.3.19.jar:/Users/jisadmj/.m2/repository/jakarta/transaction/jakarta.transaction-api/1.3.3/jakarta.transaction-api-1.3.3.jar:/Users/jisadmj/.m2/repository/jakarta/persistence/jakarta.persistence-api/2.2.3/jakarta.persistence-api-2.2.3.jar:/Users/jisadmj/.m2/repository/org/hibernate/hibernate-core/5.4.33/hibernate-core-5.4.33.jar:/Users/jisadmj/.m2/repository/org/javassist/javassist/3.27.0-GA/javassist-3.27.0-GA.jar:/Users/jisadmj/.m2/repository/antlr/antlr/2.7.7/antlr-2.7.7.jar:/Users/jisadmj/.m2/repository/org/jboss/jandex/2.2.3.Final/jandex-2.2.3.Final.jar:/Users/jisadmj/.m2/repository/org/dom4j/dom4j/2.1.3/dom4j-2.1.3.jar:/Users/jisadmj/.m2/repository/org/hibernate/common/hibernate-commons-annotations/5.1.2.Final/hibernate-commons-annotations-5.1.2.Final.jar:/Users/jisadmj/.m2/repository/org/glassfish/jaxb/jaxb-runtime/2.3.6/jaxb-runtime-2.3.6.jar:/Users/jisadmj/.m2/repository/org/glassfish/jaxb/txw2/2.3.6/txw2-2.3.6.jar:/Users/jisadmj/.m2/repository/com/sun/istack/istack-commons-runtime/3.0.12/istack-commons-runtime-3.0.12.jar:/Users/jisadmj/.m2/repository/com/sun/activation/jakarta.activation/1.2.2/jakarta.activation-1.2.2.jar:/Users/jisadmj/.m2/repository/org/springframework/data/spring-data-jpa/2.5.11/spring-data-jpa-2.5.11.jar:/Users/jisadmj/.m2/repository/org/springframework/data/spring-data-commons/2.5.11/spring-data-commons-2.5.11.jar:/Users/jisadmj/.m2/repository/org/springframework/spring-orm/5.3.19/spring-orm-5.3.19.jar:/Users/jisadmj/.m2/repository/org/springframework/spring-tx/5.3.19/spring-tx-5.3.19.jar:/Users/jisadmj/.m2/repository/org/springframework/spring-aspects/5.3.19/spring-aspects-5.3.19.jar:/Users/jisadmj/.m2/repository/org/modelmapper/modelmapper/3.1.0/modelmapper-3.1.0.jar:/Users/jisadmj/.m2/repository/org/springframework/boot/spring-boot-starter-security/2.5.13/spring-boot-starter-security-2.5.13.jar:/Users/jisadmj/.m2/repository/org/springframework/spring-aop/5.3.19/spring-aop-5.3.19.jar:/Users/jisadmj/.m2/repository/org/springframework/security/spring-security-config/5.5.6/spring-security-config-5.5.6.jar:/Users/jisadmj/.m2/repository/org/springframework/security/spring-security-core/5.5.6/spring-security-core-5.5.6.jar:/Users/jisadmj/.m2/repository/org/springframework/security/spring-security-web/5.5.6/spring-security-web-5.5.6.jar:/Users/jisadmj/.m2/repository/com/fasterxml/jackson/dataformat/jackson-dataformat-xml/2.12.6/jackson-dataformat-xml-2.12.6.jar:/Users/jisadmj/.m2/repository/com/fasterxml/jackson/core/jackson-core/2.12.6/jackson-core-2.12.6.jar:/Users/jisadmj/.m2/repository/com/fasterxml/jackson/core/jackson-annotations/2.12.6/jackson-annotations-2.12.6.jar:/Users/jisadmj/.m2/repository/com/fasterxml/jackson/core/jackson-databind/2.12.6.1/jackson-databind-2.12.6.1.jar:/Users/jisadmj/.m2/repository/com/fasterxml/jackson/module/jackson-module-jaxb-annotations/2.12.6/jackson-module-jaxb-annotations-2.12.6.jar:/Users/jisadmj/.m2/repository/org/codehaus/woodstox/stax2-api/4.2.1/stax2-api-4.2.1.jar:/Users/jisadmj/.m2/repository/com/fasterxml/woodstox/woodstox-core/6.2.4/woodstox-core-6.2.4.jar:/Users/jisadmj/.m2/repository/io/jsonwebtoken/jjwt-api/0.11.5/jjwt-api-0.11.5.jar:/Users/jisadmj/.m2/repository/io/jsonwebtoken/jjwt-impl/0.11.5/jjwt-impl-0.11.5.jar:/Users/jisadmj/.m2/repository/io/jsonwebtoken/jjwt-jackson/0.11.5/jjwt-jackson-0.11.5.jar:"/>
    <property name="java.vm.vendor" value="Amazon.com Inc."/>
    <property name="sun.arch.data.model" value="64"/>
    <property name="java.vendor.url" value="https://aws.amazon.com/corretto/"/>
    <property name="user.timezone" value=""/>
    <property name="java.vm.specification.version" value="11"/>
    <property name="os.name" value="Mac OS X"/>
    <property name="sun.java.launcher" value="SUN_STANDARD"/>
    <property name="user.country" value="US"/>
    <property name="sun.boot.library.path" value="/Users/jisadmj/.sdkman/candidates/java/11.0.5-amzn/lib"/>
    <property name="sun.java.command" value="/Users/jisadmj/udemy/PhotoAppApiUsers/target/surefire/surefirebooter9421784647843493202.jar /Users/jisadmj/udemy/PhotoAppApiUsers/target/surefire 2022-06-18T13-30-47_494-jvmRun1 surefire10761428207629089229tmp surefire_02339110537049629572tmp"/>
    <property name="jdk.debug" value="release"/>
    <property name="surefire.test.class.path" value="/Users/jisadmj/udemy/PhotoAppApiUsers/target/test-classes:/Users/jisadmj/udemy/PhotoAppApiUsers/target/classes:/Users/jisadmj/.m2/repository/org/springframework/boot/spring-boot-starter-validation/2.5.13/spring-boot-starter-validation-2.5.13.jar:/Users/jisadmj/.m2/repository/org/springframework/boot/spring-boot-starter/2.5.13/spring-boot-starter-2.5.13.jar:/Users/jisadmj/.m2/repository/org/springframework/boot/spring-boot-starter-logging/2.5.13/spring-boot-starter-logging-2.5.13.jar:/Users/jisadmj/.m2/repository/ch/qos/logback/logback-classic/1.2.11/logback-classic-1.2.11.jar:/Users/jisadmj/.m2/repository/ch/qos/logback/logback-core/1.2.11/logback-core-1.2.11.jar:/Users/jisadmj/.m2/repository/org/apache/logging/log4j/log4j-to-slf4j/2.17.2/log4j-to-slf4j-2.17.2.jar:/Users/jisadmj/.m2/repository/org/apache/logging/log4j/log4j-api/2.17.2/log4j-api-2.17.2.jar:/Users/jisadmj/.m2/repository/org/slf4j/jul-to-slf4j/1.7.36/jul-to-slf4j-1.7.36.jar:/Users/jisadmj/.m2/repository/jakarta/annotation/jakarta.annotation-api/1.3.5/jakarta.annotation-api-1.3.5.jar:/Users/jisadmj/.m2/repository/org/yaml/snakeyaml/1.28/snakeyaml-1.28.jar:/Users/jisadmj/.m2/repository/org/apache/tomcat/embed/tomcat-embed-el/9.0.62/tomcat-embed-el-9.0.62.jar:/Users/jisadmj/.m2/repository/org/hibernate/validator/hibernate-validator/6.2.3.Final/hibernate-validator-6.2.3.Final.jar:/Users/jisadmj/.m2/repository/jakarta/validation/jakarta.validation-api/2.0.2/jakarta.validation-api-2.0.2.jar:/Users/jisadmj/.m2/repository/org/jboss/logging/jboss-logging/3.4.3.Final/jboss-logging-3.4.3.Final.jar:/Users/jisadmj/.m2/repository/com/fasterxml/classmate/1.5.1/classmate-1.5.1.jar:/Users/jisadmj/.m2/repository/org/springframework/boot/spring-boot-starter-web/2.5.13/spring-boot-starter-web-2.5.13.jar:/Users/jisadmj/.m2/repository/org/springframework/boot/spring-boot-starter-json/2.5.13/spring-boot-starter-json-2.5.13.jar:/Users/jisadmj/.m2/repository/com/fasterxml/jackson/datatype/jackson-datatype-jdk8/2.12.6/jackson-datatype-jdk8-2.12.6.jar:/Users/jisadmj/.m2/repository/com/fasterxml/jackson/datatype/jackson-datatype-jsr310/2.12.6/jackson-datatype-jsr310-2.12.6.jar:/Users/jisadmj/.m2/repository/com/fasterxml/jackson/module/jackson-module-parameter-names/2.12.6/jackson-module-parameter-names-2.12.6.jar:/Users/jisadmj/.m2/repository/org/springframework/boot/spring-boot-starter-tomcat/2.5.13/spring-boot-starter-tomcat-2.5.13.jar:/Users/jisadmj/.m2/repository/org/apache/tomcat/embed/tomcat-embed-core/9.0.62/tomcat-embed-core-9.0.62.jar:/Users/jisadmj/.m2/repository/org/apache/tomcat/embed/tomcat-embed-websocket/9.0.62/tomcat-embed-websocket-9.0.62.jar:/Users/jisadmj/.m2/repository/org/springframework/spring-web/5.3.19/spring-web-5.3.19.jar:/Users/jisadmj/.m2/repository/org/springframework/spring-beans/5.3.19/spring-beans-5.3.19.jar:/Users/jisadmj/.m2/repository/org/springframework/spring-webmvc/5.3.19/spring-webmvc-5.3.19.jar:/Users/jisadmj/.m2/repository/org/springframework/spring-context/5.3.19/spring-context-5.3.19.jar:/Users/jisadmj/.m2/repository/org/springframework/spring-expression/5.3.19/spring-expression-5.3.19.jar:/Users/jisadmj/.m2/repository/org/springframework/cloud/spring-cloud-starter-netflix-eureka-client/3.0.5/spring-cloud-starter-netflix-eureka-client-3.0.5.jar:/Users/jisadmj/.m2/repository/org/springframework/cloud/spring-cloud-starter/3.0.5/spring-cloud-starter-3.0.5.jar:/Users/jisadmj/.m2/repository/org/springframework/cloud/spring-cloud-context/3.0.5/spring-cloud-context-3.0.5.jar:/Users/jisadmj/.m2/repository/org/springframework/security/spring-security-crypto/5.5.6/spring-security-crypto-5.5.6.jar:/Users/jisadmj/.m2/repository/org/springframework/cloud/spring-cloud-commons/3.0.5/spring-cloud-commons-3.0.5.jar:/Users/jisadmj/.m2/repository/org/springframework/security/spring-security-rsa/1.0.10.RELEASE/spring-security-rsa-1.0.10.RELEASE.jar:/Users/jisadmj/.m2/repository/org/bouncycastle/bcpkix-jdk15on/1.68/bcpkix-jdk15on-1.68.jar:/Users/jisadmj/.m2/repository/org/bouncycastle/bcprov-jdk15on/1.68/bcprov-jdk15on-1.68.jar:/Users/jisadmj/.m2/repository/org/springframework/cloud/spring-cloud-netflix-eureka-client/3.0.5/spring-cloud-netflix-eureka-client-3.0.5.jar:/Users/jisadmj/.m2/repository/com/netflix/eureka/eureka-client/1.10.17/eureka-client-1.10.17.jar:/Users/jisadmj/.m2/repository/com/netflix/netflix-commons/netflix-eventbus/0.3.0/netflix-eventbus-0.3.0.jar:/Users/jisadmj/.m2/repository/com/netflix/netflix-commons/netflix-infix/0.3.0/netflix-infix-0.3.0.jar:/Users/jisadmj/.m2/repository/commons-jxpath/commons-jxpath/1.3/commons-jxpath-1.3.jar:/Users/jisadmj/.m2/repository/joda-time/joda-time/2.3/joda-time-2.3.jar:/Users/jisadmj/.m2/repository/org/antlr/antlr-runtime/3.4/antlr-runtime-3.4.jar:/Users/jisadmj/.m2/repository/org/antlr/stringtemplate/3.2.1/stringtemplate-3.2.1.jar:/Users/jisadmj/.m2/repository/com/google/code/gson/gson/2.8.9/gson-2.8.9.jar:/Users/jisadmj/.m2/repository/org/apache/commons/commons-math/2.2/commons-math-2.2.jar:/Users/jisadmj/.m2/repository/com/thoughtworks/xstream/xstream/1.4.18/xstream-1.4.18.jar:/Users/jisadmj/.m2/repository/io/github/x-stream/mxparser/1.2.2/mxparser-1.2.2.jar:/Users/jisadmj/.m2/repository/xmlpull/xmlpull/1.1.3.1/xmlpull-1.1.3.1.jar:/Users/jisadmj/.m2/repository/javax/ws/rs/jsr311-api/1.1.1/jsr311-api-1.1.1.jar:/Users/jisadmj/.m2/repository/com/netflix/servo/servo-core/0.12.21/servo-core-0.12.21.jar:/Users/jisadmj/.m2/repository/com/google/guava/guava/19.0/guava-19.0.jar:/Users/jisadmj/.m2/repository/org/apache/httpcomponents/httpclient/4.5.13/httpclient-4.5.13.jar:/Users/jisadmj/.m2/repository/org/apache/httpcomponents/httpcore/4.4.15/httpcore-4.4.15.jar:/Users/jisadmj/.m2/repository/commons-codec/commons-codec/1.15/commons-codec-1.15.jar:/Users/jisadmj/.m2/repository/commons-configuration/commons-configuration/1.10/commons-configuration-1.10.jar:/Users/jisadmj/.m2/repository/commons-lang/commons-lang/2.6/commons-lang-2.6.jar:/Users/jisadmj/.m2/repository/com/google/inject/guice/4.1.0/guice-4.1.0.jar:/Users/jisadmj/.m2/repository/javax/inject/javax.inject/1/javax.inject-1.jar:/Users/jisadmj/.m2/repository/aopalliance/aopalliance/1.0/aopalliance-1.0.jar:/Users/jisadmj/.m2/repository/org/codehaus/jettison/jettison/1.4.0/jettison-1.4.0.jar:/Users/jisadmj/.m2/repository/com/netflix/eureka/eureka-core/1.10.17/eureka-core-1.10.17.jar:/Users/jisadmj/.m2/repository/org/springframework/cloud/spring-cloud-starter-loadbalancer/3.0.5/spring-cloud-starter-loadbalancer-3.0.5.jar:/Users/jisadmj/.m2/repository/org/springframework/cloud/spring-cloud-loadbalancer/3.0.5/spring-cloud-loadbalancer-3.0.5.jar:/Users/jisadmj/.m2/repository/io/projectreactor/reactor-core/3.4.17/reactor-core-3.4.17.jar:/Users/jisadmj/.m2/repository/org/reactivestreams/reactive-streams/1.0.3/reactive-streams-1.0.3.jar:/Users/jisadmj/.m2/repository/io/projectreactor/addons/reactor-extra/3.4.8/reactor-extra-3.4.8.jar:/Users/jisadmj/.m2/repository/org/springframework/boot/spring-boot-starter-cache/2.5.13/spring-boot-starter-cache-2.5.13.jar:/Users/jisadmj/.m2/repository/org/springframework/spring-context-support/5.3.19/spring-context-support-5.3.19.jar:/Users/jisadmj/.m2/repository/com/stoyanr/evictor/1.0.0/evictor-1.0.0.jar:/Users/jisadmj/.m2/repository/org/springframework/boot/spring-boot-devtools/2.5.13/spring-boot-devtools-2.5.13.jar:/Users/jisadmj/.m2/repository/org/springframework/boot/spring-boot/2.5.13/spring-boot-2.5.13.jar:/Users/jisadmj/.m2/repository/org/springframework/boot/spring-boot-autoconfigure/2.5.13/spring-boot-autoconfigure-2.5.13.jar:/Users/jisadmj/.m2/repository/org/springframework/boot/spring-boot-starter-test/2.5.13/spring-boot-starter-test-2.5.13.jar:/Users/jisadmj/.m2/repository/org/springframework/boot/spring-boot-test/2.5.13/spring-boot-test-2.5.13.jar:/Users/jisadmj/.m2/repository/org/springframework/boot/spring-boot-test-autoconfigure/2.5.13/spring-boot-test-autoconfigure-2.5.13.jar:/Users/jisadmj/.m2/repository/com/jayway/jsonpath/json-path/2.5.0/json-path-2.5.0.jar:/Users/jisadmj/.m2/repository/net/minidev/json-smart/2.4.8/json-smart-2.4.8.jar:/Users/jisadmj/.m2/repository/net/minidev/accessors-smart/2.4.8/accessors-smart-2.4.8.jar:/Users/jisadmj/.m2/repository/org/ow2/asm/asm/9.1/asm-9.1.jar:/Users/jisadmj/.m2/repository/org/slf4j/slf4j-api/1.7.36/slf4j-api-1.7.36.jar:/Users/jisadmj/.m2/repository/jakarta/xml/bind/jakarta.xml.bind-api/2.3.3/jakarta.xml.bind-api-2.3.3.jar:/Users/jisadmj/.m2/repository/jakarta/activation/jakarta.activation-api/1.2.2/jakarta.activation-api-1.2.2.jar:/Users/jisadmj/.m2/repository/org/assertj/assertj-core/3.19.0/assertj-core-3.19.0.jar:/Users/jisadmj/.m2/repository/org/hamcrest/hamcrest/2.2/hamcrest-2.2.jar:/Users/jisadmj/.m2/repository/org/junit/jupiter/junit-jupiter/5.7.2/junit-jupiter-5.7.2.jar:/Users/jisadmj/.m2/repository/org/junit/jupiter/junit-jupiter-api/5.7.2/junit-jupiter-api-5.7.2.jar:/Users/jisadmj/.m2/repository/org/apiguardian/apiguardian-api/1.1.0/apiguardian-api-1.1.0.jar:/Users/jisadmj/.m2/repository/org/opentest4j/opentest4j/1.2.0/opentest4j-1.2.0.jar:/Users/jisadmj/.m2/repository/org/junit/platform/junit-platform-commons/1.7.2/junit-platform-commons-1.7.2.jar:/Users/jisadmj/.m2/repository/org/junit/jupiter/junit-jupiter-params/5.7.2/junit-jupiter-params-5.7.2.jar:/Users/jisadmj/.m2/repository/org/junit/jupiter/junit-jupiter-engine/5.7.2/junit-jupiter-engine-5.7.2.jar:/Users/jisadmj/.m2/repository/org/junit/platform/junit-platform-engine/1.7.2/junit-platform-engine-1.7.2.jar:/Users/jisadmj/.m2/repository/org/mockito/mockito-core/3.9.0/mockito-core-3.9.0.jar:/Users/jisadmj/.m2/repository/net/bytebuddy/byte-buddy/1.10.22/byte-buddy-1.10.22.jar:/Users/jisadmj/.m2/repository/net/bytebuddy/byte-buddy-agent/1.10.22/byte-buddy-agent-1.10.22.jar:/Users/jisadmj/.m2/repository/org/objenesis/objenesis/3.2/objenesis-3.2.jar:/Users/jisadmj/.m2/repository/org/mockito/mockito-junit-jupiter/3.9.0/mockito-junit-jupiter-3.9.0.jar:/Users/jisadmj/.m2/repository/org/skyscreamer/jsonassert/1.5.0/jsonassert-1.5.0.jar:/Users/jisadmj/.m2/repository/com/vaadin/external/google/android-json/0.0.20131108.vaadin1/android-json-0.0.20131108.vaadin1.jar:/Users/jisadmj/.m2/repository/org/springframework/spring-core/5.3.19/spring-core-5.3.19.jar:/Users/jisadmj/.m2/repository/org/springframework/spring-jcl/5.3.19/spring-jcl-5.3.19.jar:/Users/jisadmj/.m2/repository/org/springframework/spring-test/5.3.19/spring-test-5.3.19.jar:/Users/jisadmj/.m2/repository/org/xmlunit/xmlunit-core/2.8.4/xmlunit-core-2.8.4.jar:/Users/jisadmj/.m2/repository/org/projectlombok/lombok/1.18.24/lombok-1.18.24.jar:/Users/jisadmj/.m2/repository/com/h2database/h2/1.4.200/h2-1.4.200.jar:/Users/jisadmj/.m2/repository/org/springframework/boot/spring-boot-starter-data-jpa/2.5.13/spring-boot-starter-data-jpa-2.5.13.jar:/Users/jisadmj/.m2/repository/org/springframework/boot/spring-boot-starter-aop/2.5.13/spring-boot-starter-aop-2.5.13.jar:/Users/jisadmj/.m2/repository/org/aspectj/aspectjweaver/1.9.7/aspectjweaver-1.9.7.jar:/Users/jisadmj/.m2/repository/org/springframework/boot/spring-boot-starter-jdbc/2.5.13/spring-boot-starter-jdbc-2.5.13.jar:/Users/jisadmj/.m2/repository/com/zaxxer/HikariCP/4.0.3/HikariCP-4.0.3.jar:/Users/jisadmj/.m2/repository/org/springframework/spring-jdbc/5.3.19/spring-jdbc-5.3.19.jar:/Users/jisadmj/.m2/repository/jakarta/transaction/jakarta.transaction-api/1.3.3/jakarta.transaction-api-1.3.3.jar:/Users/jisadmj/.m2/repository/jakarta/persistence/jakarta.persistence-api/2.2.3/jakarta.persistence-api-2.2.3.jar:/Users/jisadmj/.m2/repository/org/hibernate/hibernate-core/5.4.33/hibernate-core-5.4.33.jar:/Users/jisadmj/.m2/repository/org/javassist/javassist/3.27.0-GA/javassist-3.27.0-GA.jar:/Users/jisadmj/.m2/repository/antlr/antlr/2.7.7/antlr-2.7.7.jar:/Users/jisadmj/.m2/repository/org/jboss/jandex/2.2.3.Final/jandex-2.2.3.Final.jar:/Users/jisadmj/.m2/repository/org/dom4j/dom4j/2.1.3/dom4j-2.1.3.jar:/Users/jisadmj/.m2/repository/org/hibernate/common/hibernate-commons-annotations/5.1.2.Final/hibernate-commons-annotations-5.1.2.Final.jar:/Users/jisadmj/.m2/repository/org/glassfish/jaxb/jaxb-runtime/2.3.6/jaxb-runtime-2.3.6.jar:/Users/jisadmj/.m2/repository/org/glassfish/jaxb/txw2/2.3.6/txw2-2.3.6.jar:/Users/jisadmj/.m2/repository/com/sun/istack/istack-commons-runtime/3.0.12/istack-commons-runtime-3.0.12.jar:/Users/jisadmj/.m2/repository/com/sun/activation/jakarta.activation/1.2.2/jakarta.activation-1.2.2.jar:/Users/jisadmj/.m2/repository/org/springframework/data/spring-data-jpa/2.5.11/spring-data-jpa-2.5.11.jar:/Users/jisadmj/.m2/repository/org/springframework/data/spring-data-commons/2.5.11/spring-data-commons-2.5.11.jar:/Users/jisadmj/.m2/repository/org/springframework/spring-orm/5.3.19/spring-orm-5.3.19.jar:/Users/jisadmj/.m2/repository/org/springframework/spring-tx/5.3.19/spring-tx-5.3.19.jar:/Users/jisadmj/.m2/repository/org/springframework/spring-aspects/5.3.19/spring-aspects-5.3.19.jar:/Users/jisadmj/.m2/repository/org/modelmapper/modelmapper/3.1.0/modelmapper-3.1.0.jar:/Users/jisadmj/.m2/repository/org/springframework/boot/spring-boot-starter-security/2.5.13/spring-boot-starter-security-2.5.13.jar:/Users/jisadmj/.m2/repository/org/springframework/spring-aop/5.3.19/spring-aop-5.3.19.jar:/Users/jisadmj/.m2/repository/org/springframework/security/spring-security-config/5.5.6/spring-security-config-5.5.6.jar:/Users/jisadmj/.m2/repository/org/springframework/security/spring-security-core/5.5.6/spring-security-core-5.5.6.jar:/Users/jisadmj/.m2/repository/org/springframework/security/spring-security-web/5.5.6/spring-security-web-5.5.6.jar:/Users/jisadmj/.m2/repository/com/fasterxml/jackson/dataformat/jackson-dataformat-xml/2.12.6/jackson-dataformat-xml-2.12.6.jar:/Users/jisadmj/.m2/repository/com/fasterxml/jackson/core/jackson-core/2.12.6/jackson-core-2.12.6.jar:/Users/jisadmj/.m2/repository/com/fasterxml/jackson/core/jackson-annotations/2.12.6/jackson-annotations-2.12.6.jar:/Users/jisadmj/.m2/repository/com/fasterxml/jackson/core/jackson-databind/2.12.6.1/jackson-databind-2.12.6.1.jar:/Users/jisadmj/.m2/repository/com/fasterxml/jackson/module/jackson-module-jaxb-annotations/2.12.6/jackson-module-jaxb-annotations-2.12.6.jar:/Users/jisadmj/.m2/repository/org/codehaus/woodstox/stax2-api/4.2.1/stax2-api-4.2.1.jar:/Users/jisadmj/.m2/repository/com/fasterxml/woodstox/woodstox-core/6.2.4/woodstox-core-6.2.4.jar:/Users/jisadmj/.m2/repository/io/jsonwebtoken/jjwt-api/0.11.5/jjwt-api-0.11.5.jar:/Users/jisadmj/.m2/repository/io/jsonwebtoken/jjwt-impl/0.11.5/jjwt-impl-0.11.5.jar:/Users/jisadmj/.m2/repository/io/jsonwebtoken/jjwt-jackson/0.11.5/jjwt-jackson-0.11.5.jar:"/>
    <property name="sun.cpu.endian" value="little"/>
    <property name="user.home" value="/Users/jisadmj"/>
    <property name="user.language" value="en"/>
    <property name="java.specification.vendor" value="Oracle Corporation"/>
    <property name="java.version.date" value="2019-10-15"/>
    <property name="java.home" value="/Users/jisadmj/.sdkman/candidates/java/11.0.5-amzn"/>
    <property name="file.separator" value="/"/>
    <property name="basedir" value="/Users/jisadmj/udemy/PhotoAppApiUsers"/>
    <property name="java.vm.compressedOopsMode" value="Zero based"/>
    <property name="line.separator" value="&#10;"/>
    <property name="java.specification.name" value="Java Platform API Specification"/>
    <property name="java.vm.specification.vendor" value="Oracle Corporation"/>
    <property name="java.awt.graphicsenv" value="sun.awt.CGraphicsEnvironment"/>
    <property name="surefire.real.class.path" value="/Users/jisadmj/udemy/PhotoAppApiUsers/target/surefire/surefirebooter9421784647843493202.jar"/>
    <property name="sun.management.compiler" value="HotSpot 64-Bit Tiered Compilers"/>
    <property name="java.runtime.version" value="11.0.5+10-LTS"/>
    <property name="user.name" value="jisadmj"/>
    <property name="path.separator" value=":"/>
    <property name="os.version" value="10.16"/>
    <property name="java.runtime.name" value="OpenJDK Runtime Environment"/>
    <property name="file.encoding" value="UTF-8"/>
    <property name="java.vm.name" value="OpenJDK 64-Bit Server VM"/>
    <property name="java.vendor.version" value="Corretto-11.0.5.10.1"/>
    <property name="localRepository" value="/Users/jisadmj/.m2/repository"/>
    <property name="java.vendor.url.bug" value="https://github.com/corretto/corretto-11/issues/"/>
    <property name="java.io.tmpdir" value="/var/folders/bj/5z3hz6lj2q9fwn2jpd8_2845f4qwf3/T/"/>
    <property name="java.version" value="11.0.5"/>
    <property name="user.dir" value="/Users/jisadmj/udemy/PhotoAppApiUsers"/>
    <property name="os.arch" value="x86_64"/>
    <property name="java.vm.specification.name" value="Java Virtual Machine Specification"/>
    <property name="java.awt.printerjob" value="sun.lwawt.macosx.CPrinterJob"/>
    <property name="sun.os.patch.level" value="unknown"/>
    <property name="java.library.path" value="/Users/jisadmj/Library/Java/Extensions:/Library/Java/Extensions:/Network/Library/Java/Extensions:/System/Library/Java/Extensions:/usr/lib/java:."/>
    <property name="java.vendor" value="Amazon.com Inc."/>
    <property name="java.vm.info" value="mixed mode"/>
    <property name="java.vm.version" value="11.0.5+10-LTS"/>
    <property name="sun.io.unicode.encoding" value="UnicodeBig"/>
    <property name="java.class.version" value="55.0"/>
  </properties>
  <testcase name="contextLoads" classname="com.example.udemy_spring_boot_microservices.photoapp.api.users.PhotoAppApiUsers.PhotoAppApiUsersApplicationTests" time="0.113"/>
</testsuite>